{"/home/vini/Raro/Semana-02/pratica-semana-02/src/camelCase.ts": {"path":"/home/vini/Raro/Semana-02/pratica-semana-02/src/camelCase.ts","statementMap":{"0":{"start":{"line":7,"column":25},"end":{"line":22,"column":1}},"1":{"start":{"line":8,"column":33},"end":{"line":8,"column":47}},"2":{"start":{"line":10,"column":2},"end":{"line":20,"column":null}},"3":{"start":{"line":10,"column":23},"end":{"line":10,"column":24}},"4":{"start":{"line":11,"column":4},"end":{"line":11,"column":52}},"5":{"start":{"line":12,"column":4},"end":{"line":19,"column":null}},"6":{"start":{"line":17,"column":6},"end":{"line":17,"column":27}},"7":{"start":{"line":18,"column":6},"end":{"line":18,"column":62}},"8":{"start":{"line":21,"column":2},"end":{"line":21,"column":31}},"9":{"start":{"line":7,"column":13},"end":{"line":7,"column":25}}},"fnMap":{"0":{"name":"(anonymous_0)","decl":{"start":{"line":7,"column":25},"end":{"line":7,"column":26}},"loc":{"start":{"line":7,"column":50},"end":{"line":22,"column":1}}}},"branchMap":{"0":{"loc":{"start":{"line":12,"column":4},"end":{"line":19,"column":null}},"type":"if","locations":[{"start":{"line":12,"column":4},"end":{"line":19,"column":null}}]},"1":{"loc":{"start":{"line":13,"column":6},"end":{"line":15,"column":28}},"type":"binary-expr","locations":[{"start":{"line":13,"column":6},"end":{"line":13,"column":28}},{"start":{"line":14,"column":6},"end":{"line":14,"column":28}},{"start":{"line":15,"column":6},"end":{"line":15,"column":28}}]}},"s":{"0":1,"1":3,"2":3,"3":3,"4":33,"5":33,"6":3,"7":3,"8":3,"9":1},"f":{"0":3},"b":{"0":[3],"1":[33,32,31]}}
,"/home/vini/Raro/Semana-02/pratica-semana-02/src/capitalize.ts": {"path":"/home/vini/Raro/Semana-02/pratica-semana-02/src/capitalize.ts","statementMap":{"0":{"start":{"line":7,"column":26},"end":{"line":11,"column":1}},"1":{"start":{"line":9,"column":4},"end":{"line":9,"column":62}},"2":{"start":{"line":10,"column":2},"end":{"line":10,"column":23}},"3":{"start":{"line":7,"column":13},"end":{"line":7,"column":26}}},"fnMap":{"0":{"name":"(anonymous_0)","decl":{"start":{"line":7,"column":26},"end":{"line":7,"column":27}},"loc":{"start":{"line":7,"column":51},"end":{"line":11,"column":1}}}},"branchMap":{},"s":{"0":1,"1":2,"2":2,"3":1},"f":{"0":2},"b":{}}
,"/home/vini/Raro/Semana-02/pratica-semana-02/src/chunk.ts": {"path":"/home/vini/Raro/Semana-02/pratica-semana-02/src/chunk.ts","statementMap":{"0":{"start":{"line":13,"column":21},"end":{"line":29,"column":1}},"1":{"start":{"line":14,"column":32},"end":{"line":14,"column":34}},"2":{"start":{"line":16,"column":2},"end":{"line":27,"column":null}},"3":{"start":{"line":17,"column":31},"end":{"line":17,"column":62}},"4":{"start":{"line":18,"column":4},"end":{"line":21,"column":null}},"5":{"start":{"line":19,"column":6},"end":{"line":19,"column":22}},"6":{"start":{"line":20,"column":6},"end":{"line":20,"column":33}},"7":{"start":{"line":22,"column":4},"end":{"line":26,"column":null}},"8":{"start":{"line":23,"column":6},"end":{"line":23,"column":29}},"9":{"start":{"line":25,"column":6},"end":{"line":25,"column":30}},"10":{"start":{"line":28,"column":2},"end":{"line":28,"column":19}},"11":{"start":{"line":13,"column":13},"end":{"line":13,"column":21}}},"fnMap":{"0":{"name":"(anonymous_0)","decl":{"start":{"line":13,"column":21},"end":{"line":13,"column":22}},"loc":{"start":{"line":13,"column":72},"end":{"line":29,"column":1}}}},"branchMap":{"0":{"loc":{"start":{"line":18,"column":4},"end":{"line":21,"column":null}},"type":"if","locations":[{"start":{"line":18,"column":4},"end":{"line":21,"column":null}}]},"1":{"loc":{"start":{"line":22,"column":4},"end":{"line":26,"column":null}},"type":"if","locations":[{"start":{"line":22,"column":4},"end":{"line":26,"column":null}},{"start":{"line":24,"column":11},"end":{"line":26,"column":null}}]}},"s":{"0":1,"1":2,"2":2,"3":18,"4":18,"5":2,"6":2,"7":18,"8":12,"9":6,"10":2,"11":1},"f":{"0":2},"b":{"0":[2],"1":[12,6]}}
,"/home/vini/Raro/Semana-02/pratica-semana-02/src/compact.ts": {"path":"/home/vini/Raro/Semana-02/pratica-semana-02/src/compact.ts","statementMap":{"0":{"start":{"line":10,"column":23},"end":{"line":18,"column":1}},"1":{"start":{"line":11,"column":21},"end":{"line":11,"column":23}},"2":{"start":{"line":12,"column":2},"end":{"line":16,"column":null}},"3":{"start":{"line":13,"column":4},"end":{"line":15,"column":null}},"4":{"start":{"line":14,"column":6},"end":{"line":14,"column":28}},"5":{"start":{"line":17,"column":2},"end":{"line":17,"column":20}},"6":{"start":{"line":10,"column":13},"end":{"line":10,"column":23}}},"fnMap":{"0":{"name":"(anonymous_0)","decl":{"start":{"line":10,"column":23},"end":{"line":10,"column":24}},"loc":{"start":{"line":10,"column":55},"end":{"line":18,"column":1}}}},"branchMap":{"0":{"loc":{"start":{"line":13,"column":4},"end":{"line":15,"column":null}},"type":"if","locations":[{"start":{"line":13,"column":4},"end":{"line":15,"column":null}}]}},"s":{"0":1,"1":1,"2":1,"3":9,"4":4,"5":1,"6":1},"f":{"0":1},"b":{"0":[4]}}
,"/home/vini/Raro/Semana-02/pratica-semana-02/src/difference.ts": {"path":"/home/vini/Raro/Semana-02/pratica-semana-02/src/difference.ts","statementMap":{"0":{"start":{"line":10,"column":26},"end":{"line":20,"column":1}},"1":{"start":{"line":11,"column":24},"end":{"line":11,"column":26}},"2":{"start":{"line":12,"column":2},"end":{"line":18,"column":null}},"3":{"start":{"line":12,"column":15},"end":{"line":12,"column":16}},"4":{"start":{"line":13,"column":4},"end":{"line":17,"column":null}},"5":{"start":{"line":13,"column":17},"end":{"line":13,"column":18}},"6":{"start":{"line":14,"column":6},"end":{"line":16,"column":null}},"7":{"start":{"line":15,"column":8},"end":{"line":15,"column":36}},"8":{"start":{"line":19,"column":2},"end":{"line":19,"column":23}},"9":{"start":{"line":10,"column":13},"end":{"line":10,"column":26}}},"fnMap":{"0":{"name":"(anonymous_0)","decl":{"start":{"line":10,"column":26},"end":{"line":10,"column":27}},"loc":{"start":{"line":10,"column":72},"end":{"line":20,"column":1}}}},"branchMap":{"0":{"loc":{"start":{"line":14,"column":6},"end":{"line":16,"column":null}},"type":"if","locations":[{"start":{"line":14,"column":6},"end":{"line":16,"column":null}}]}},"s":{"0":1,"1":1,"2":1,"3":1,"4":3,"5":3,"6":3,"7":2,"8":1,"9":1},"f":{"0":1},"b":{"0":[2]}}
,"/home/vini/Raro/Semana-02/pratica-semana-02/src/fromPairs.ts": {"path":"/home/vini/Raro/Semana-02/pratica-semana-02/src/fromPairs.ts","statementMap":{"0":{"start":{"line":11,"column":25},"end":{"line":23,"column":1}},"1":{"start":{"line":12,"column":14},"end":{"line":12,"column":16}},"2":{"start":{"line":13,"column":2},"end":{"line":21,"column":null}},"3":{"start":{"line":13,"column":15},"end":{"line":13,"column":16}},"4":{"start":{"line":14,"column":4},"end":{"line":20,"column":null}},"5":{"start":{"line":14,"column":17},"end":{"line":14,"column":18}},"6":{"start":{"line":15,"column":18},"end":{"line":15,"column":39}},"7":{"start":{"line":16,"column":20},"end":{"line":16,"column":34}},"8":{"start":{"line":17,"column":6},"end":{"line":19,"column":null}},"9":{"start":{"line":18,"column":8},"end":{"line":18,"column":25}},"10":{"start":{"line":22,"column":2},"end":{"line":22,"column":13}},"11":{"start":{"line":11,"column":13},"end":{"line":11,"column":25}}},"fnMap":{"0":{"name":"(anonymous_0)","decl":{"start":{"line":11,"column":25},"end":{"line":11,"column":26}},"loc":{"start":{"line":11,"column":52},"end":{"line":23,"column":1}}}},"branchMap":{"0":{"loc":{"start":{"line":17,"column":6},"end":{"line":19,"column":null}},"type":"if","locations":[{"start":{"line":17,"column":6},"end":{"line":19,"column":null}}]}},"s":{"0":1,"1":1,"2":1,"3":1,"4":3,"5":3,"6":6,"7":6,"8":6,"9":6,"10":1,"11":1},"f":{"0":1},"b":{"0":[6]}}
,"/home/vini/Raro/Semana-02/pratica-semana-02/src/group.ts": {"path":"/home/vini/Raro/Semana-02/pratica-semana-02/src/group.ts","statementMap":{"0":{"start":{"line":26,"column":21},"end":{"line":40,"column":1}},"1":{"start":{"line":30,"column":19},"end":{"line":30,"column":21}},"2":{"start":{"line":32,"column":2},"end":{"line":38,"column":null}},"3":{"start":{"line":32,"column":15},"end":{"line":32,"column":16}},"4":{"start":{"line":33,"column":18},"end":{"line":33,"column":47}},"5":{"start":{"line":34,"column":4},"end":{"line":36,"column":null}},"6":{"start":{"line":35,"column":6},"end":{"line":35,"column":27}},"7":{"start":{"line":37,"column":4},"end":{"line":37,"column":40}},"8":{"start":{"line":39,"column":2},"end":{"line":39,"column":18}},"9":{"start":{"line":26,"column":13},"end":{"line":26,"column":21}}},"fnMap":{"0":{"name":"(anonymous_0)","decl":{"start":{"line":26,"column":21},"end":{"line":26,"column":null}},"loc":{"start":{"line":29,"column":28},"end":{"line":40,"column":1}}}},"branchMap":{"0":{"loc":{"start":{"line":34,"column":4},"end":{"line":36,"column":null}},"type":"if","locations":[{"start":{"line":34,"column":4},"end":{"line":36,"column":null}}]}},"s":{"0":1,"1":1,"2":1,"3":1,"4":3,"5":3,"6":2,"7":3,"8":1,"9":1},"f":{"0":1},"b":{"0":[2]}}
,"/home/vini/Raro/Semana-02/pratica-semana-02/src/index.ts": {"path":"/home/vini/Raro/Semana-02/pratica-semana-02/src/index.ts","statementMap":{"0":{"start":{"line":1,"column":0},"end":{"line":1,"column":28}},"1":{"start":{"line":2,"column":0},"end":{"line":2,"column":29}},"2":{"start":{"line":3,"column":0},"end":{"line":3,"column":24}},"3":{"start":{"line":4,"column":0},"end":{"line":4,"column":26}},"4":{"start":{"line":5,"column":0},"end":{"line":5,"column":29}},"5":{"start":{"line":6,"column":0},"end":{"line":6,"column":28}},"6":{"start":{"line":7,"column":0},"end":{"line":7,"column":24}},"7":{"start":{"line":8,"column":0},"end":{"line":8,"column":31}},"8":{"start":{"line":9,"column":0},"end":{"line":9,"column":25}},"9":{"start":{"line":10,"column":0},"end":{"line":10,"column":28}},"10":{"start":{"line":11,"column":0},"end":{"line":11,"column":23}},"11":{"start":{"line":12,"column":0},"end":{"line":12,"column":29}},"12":{"start":{"line":13,"column":0},"end":{"line":13,"column":23}},"13":{"start":{"line":14,"column":0},"end":{"line":14,"column":24}},"14":{"start":{"line":15,"column":0},"end":{"line":15,"column":28}},"15":{"start":{"line":16,"column":0},"end":{"line":16,"column":28}},"16":{"start":{"line":17,"column":0},"end":{"line":17,"column":27}},"17":{"start":{"line":18,"column":0},"end":{"line":18,"column":26}},"18":{"start":{"line":19,"column":0},"end":{"line":19,"column":25}},"19":{"start":{"line":20,"column":0},"end":{"line":20,"column":27}},"20":{"start":{"line":21,"column":0},"end":{"line":21,"column":24}},"21":{"start":{"line":22,"column":0},"end":{"line":22,"column":23}},"22":{"start":{"line":23,"column":0},"end":{"line":23,"column":25}}},"fnMap":{},"branchMap":{},"s":{"0":0,"1":0,"2":0,"3":0,"4":0,"5":0,"6":0,"7":0,"8":0,"9":0,"10":0,"11":0,"12":0,"13":0,"14":0,"15":0,"16":0,"17":0,"18":0,"19":0,"20":0,"21":0,"22":0},"f":{},"b":{}}
,"/home/vini/Raro/Semana-02/pratica-semana-02/src/intersection.ts": {"path":"/home/vini/Raro/Semana-02/pratica-semana-02/src/intersection.ts","statementMap":{"0":{"start":{"line":10,"column":28},"end":{"line":28,"column":1}},"1":{"start":{"line":11,"column":22},"end":{"line":11,"column":24}},"2":{"start":{"line":12,"column":2},"end":{"line":26,"column":null}},"3":{"start":{"line":12,"column":15},"end":{"line":12,"column":16}},"4":{"start":{"line":13,"column":4},"end":{"line":25,"column":null}},"5":{"start":{"line":13,"column":17},"end":{"line":13,"column":18}},"6":{"start":{"line":14,"column":6},"end":{"line":24,"column":null}},"7":{"start":{"line":15,"column":21},"end":{"line":15,"column":26}},"8":{"start":{"line":16,"column":8},"end":{"line":20,"column":null}},"9":{"start":{"line":16,"column":21},"end":{"line":16,"column":22}},"10":{"start":{"line":17,"column":10},"end":{"line":19,"column":null}},"11":{"start":{"line":18,"column":12},"end":{"line":18,"column":26}},"12":{"start":{"line":21,"column":8},"end":{"line":23,"column":null}},"13":{"start":{"line":22,"column":10},"end":{"line":22,"column":36}},"14":{"start":{"line":27,"column":2},"end":{"line":27,"column":21}},"15":{"start":{"line":10,"column":13},"end":{"line":10,"column":28}}},"fnMap":{"0":{"name":"(anonymous_0)","decl":{"start":{"line":10,"column":28},"end":{"line":10,"column":29}},"loc":{"start":{"line":10,"column":74},"end":{"line":28,"column":1}}}},"branchMap":{"0":{"loc":{"start":{"line":14,"column":6},"end":{"line":24,"column":null}},"type":"if","locations":[{"start":{"line":14,"column":6},"end":{"line":24,"column":null}}]},"1":{"loc":{"start":{"line":17,"column":10},"end":{"line":19,"column":null}},"type":"if","locations":[{"start":{"line":17,"column":10},"end":{"line":19,"column":null}}]},"2":{"loc":{"start":{"line":21,"column":8},"end":{"line":23,"column":null}},"type":"if","locations":[{"start":{"line":21,"column":8},"end":{"line":23,"column":null}}]}},"s":{"0":1,"1":1,"2":1,"3":1,"4":8,"5":8,"6":48,"7":14,"8":14,"9":14,"10":36,"11":11,"12":14,"13":3,"14":1,"15":1},"f":{"0":1},"b":{"0":[14],"1":[11],"2":[3]}}
,"/home/vini/Raro/Semana-02/pratica-semana-02/src/invert.ts": {"path":"/home/vini/Raro/Semana-02/pratica-semana-02/src/invert.ts","statementMap":{"0":{"start":{"line":12,"column":22},"end":{"line":24,"column":1}},"1":{"start":{"line":13,"column":20},"end":{"line":13,"column":22}},"2":{"start":{"line":14,"column":21},"end":{"line":14,"column":40}},"3":{"start":{"line":16,"column":2},"end":{"line":22,"column":null}},"4":{"start":{"line":16,"column":15},"end":{"line":16,"column":16}},"5":{"start":{"line":17,"column":25},"end":{"line":17,"column":31}},"6":{"start":{"line":18,"column":16},"end":{"line":18,"column":29}},"7":{"start":{"line":19,"column":18},"end":{"line":19,"column":35}},"8":{"start":{"line":21,"column":4},"end":{"line":21,"column":27}},"9":{"start":{"line":23,"column":2},"end":{"line":23,"column":19}},"10":{"start":{"line":12,"column":13},"end":{"line":12,"column":22}}},"fnMap":{"0":{"name":"(anonymous_0)","decl":{"start":{"line":12,"column":22},"end":{"line":12,"column":23}},"loc":{"start":{"line":12,"column":49},"end":{"line":24,"column":1}}}},"branchMap":{},"s":{"0":1,"1":1,"2":1,"3":1,"4":1,"5":3,"6":3,"7":3,"8":3,"9":1,"10":1},"f":{"0":1},"b":{}}
,"/home/vini/Raro/Semana-02/pratica-semana-02/src/kebabCase.ts": {"path":"/home/vini/Raro/Semana-02/pratica-semana-02/src/kebabCase.ts","statementMap":{"0":{"start":{"line":7,"column":25},"end":{"line":11,"column":1}},"1":{"start":{"line":8,"column":31},"end":{"line":8,"column":49}},"2":{"start":{"line":9,"column":29},"end":{"line":9,"column":79}},"3":{"start":{"line":10,"column":2},"end":{"line":10,"column":20}},"4":{"start":{"line":7,"column":13},"end":{"line":7,"column":25}}},"fnMap":{"0":{"name":"(anonymous_0)","decl":{"start":{"line":7,"column":25},"end":{"line":7,"column":26}},"loc":{"start":{"line":7,"column":50},"end":{"line":11,"column":1}}}},"branchMap":{},"s":{"0":1,"1":3,"2":3,"3":3,"4":1},"f":{"0":3},"b":{}}
,"/home/vini/Raro/Semana-02/pratica-semana-02/src/lowerCaseFirst.ts": {"path":"/home/vini/Raro/Semana-02/pratica-semana-02/src/lowerCaseFirst.ts","statementMap":{"0":{"start":{"line":1,"column":30},"end":{"line":4,"column":1}},"1":{"start":{"line":2,"column":32},"end":{"line":2,"column":76}},"2":{"start":{"line":3,"column":2},"end":{"line":3,"column":23}},"3":{"start":{"line":1,"column":13},"end":{"line":1,"column":30}}},"fnMap":{"0":{"name":"(anonymous_0)","decl":{"start":{"line":1,"column":30},"end":{"line":1,"column":31}},"loc":{"start":{"line":1,"column":55},"end":{"line":4,"column":1}}}},"branchMap":{},"s":{"0":1,"1":5,"2":5,"3":1},"f":{"0":5},"b":{}}
,"/home/vini/Raro/Semana-02/pratica-semana-02/src/omit.ts": {"path":"/home/vini/Raro/Semana-02/pratica-semana-02/src/omit.ts","statementMap":{"0":{"start":{"line":14,"column":20},"end":{"line":26,"column":1}},"1":{"start":{"line":18,"column":17},"end":{"line":18,"column":42}},"2":{"start":{"line":19,"column":16},"end":{"line":19,"column":25}},"3":{"start":{"line":20,"column":2},"end":{"line":24,"column":null}},"4":{"start":{"line":20,"column":15},"end":{"line":20,"column":16}},"5":{"start":{"line":21,"column":4},"end":{"line":23,"column":null}},"6":{"start":{"line":22,"column":6},"end":{"line":22,"column":30}},"7":{"start":{"line":25,"column":2},"end":{"line":25,"column":16}},"8":{"start":{"line":14,"column":13},"end":{"line":14,"column":20}}},"fnMap":{"0":{"name":"(anonymous_0)","decl":{"start":{"line":14,"column":20},"end":{"line":14,"column":null}},"loc":{"start":{"line":17,"column":12},"end":{"line":26,"column":1}}}},"branchMap":{"0":{"loc":{"start":{"line":21,"column":4},"end":{"line":23,"column":null}},"type":"if","locations":[{"start":{"line":21,"column":4},"end":{"line":23,"column":null}}]}},"s":{"0":1,"1":1,"2":1,"3":1,"4":1,"5":2,"6":2,"7":1,"8":1},"f":{"0":1},"b":{"0":[2]}}
,"/home/vini/Raro/Semana-02/pratica-semana-02/src/pascalCase.ts": {"path":"/home/vini/Raro/Semana-02/pratica-semana-02/src/pascalCase.ts","statementMap":{"0":{"start":{"line":7,"column":26},"end":{"line":18,"column":1}},"1":{"start":{"line":8,"column":27},"end":{"line":8,"column":41}},"2":{"start":{"line":10,"column":2},"end":{"line":16,"column":null}},"3":{"start":{"line":10,"column":23},"end":{"line":10,"column":24}},"4":{"start":{"line":11,"column":4},"end":{"line":11,"column":44}},"5":{"start":{"line":12,"column":4},"end":{"line":15,"column":null}},"6":{"start":{"line":13,"column":6},"end":{"line":13,"column":23}},"7":{"start":{"line":14,"column":6},"end":{"line":14,"column":54}},"8":{"start":{"line":17,"column":2},"end":{"line":17,"column":27}},"9":{"start":{"line":7,"column":13},"end":{"line":7,"column":26}}},"fnMap":{"0":{"name":"(anonymous_0)","decl":{"start":{"line":7,"column":26},"end":{"line":7,"column":27}},"loc":{"start":{"line":7,"column":51},"end":{"line":18,"column":1}}}},"branchMap":{"0":{"loc":{"start":{"line":12,"column":4},"end":{"line":15,"column":null}},"type":"if","locations":[{"start":{"line":12,"column":4},"end":{"line":15,"column":null}}]},"1":{"loc":{"start":{"line":12,"column":8},"end":{"line":12,"column":73}},"type":"binary-expr","locations":[{"start":{"line":12,"column":8},"end":{"line":12,"column":27}},{"start":{"line":12,"column":31},"end":{"line":12,"column":50}},{"start":{"line":12,"column":54},"end":{"line":12,"column":73}}]}},"s":{"0":1,"1":3,"2":3,"3":3,"4":33,"5":33,"6":3,"7":3,"8":3,"9":1},"f":{"0":3},"b":{"0":[3],"1":[33,32,31]}}
,"/home/vini/Raro/Semana-02/pratica-semana-02/src/pick.ts": {"path":"/home/vini/Raro/Semana-02/pratica-semana-02/src/pick.ts","statementMap":{"0":{"start":{"line":14,"column":20},"end":{"line":32,"column":1}},"1":{"start":{"line":18,"column":20},"end":{"line":18,"column":45}},"2":{"start":{"line":19,"column":17},"end":{"line":19,"column":19}},"3":{"start":{"line":20,"column":21},"end":{"line":20,"column":30}},"4":{"start":{"line":21,"column":2},"end":{"line":30,"column":null}},"5":{"start":{"line":21,"column":15},"end":{"line":21,"column":16}},"6":{"start":{"line":22,"column":4},"end":{"line":29,"column":null}},"7":{"start":{"line":23,"column":6},"end":{"line":28,"column":9}},"8":{"start":{"line":31,"column":2},"end":{"line":31,"column":16}},"9":{"start":{"line":14,"column":13},"end":{"line":14,"column":20}}},"fnMap":{"0":{"name":"(anonymous_0)","decl":{"start":{"line":14,"column":20},"end":{"line":14,"column":null}},"loc":{"start":{"line":17,"column":12},"end":{"line":32,"column":1}}}},"branchMap":{"0":{"loc":{"start":{"line":22,"column":4},"end":{"line":29,"column":null}},"type":"if","locations":[{"start":{"line":22,"column":4},"end":{"line":29,"column":null}}]}},"s":{"0":1,"1":1,"2":1,"3":1,"4":1,"5":1,"6":2,"7":2,"8":1,"9":1},"f":{"0":1},"b":{"0":[2]}}
,"/home/vini/Raro/Semana-02/pratica-semana-02/src/range.ts": {"path":"/home/vini/Raro/Semana-02/pratica-semana-02/src/range.ts","statementMap":{"0":{"start":{"line":11,"column":21},"end":{"line":17,"column":1}},"1":{"start":{"line":12,"column":21},"end":{"line":12,"column":23}},"2":{"start":{"line":13,"column":2},"end":{"line":15,"column":null}},"3":{"start":{"line":13,"column":15},"end":{"line":13,"column":16}},"4":{"start":{"line":14,"column":4},"end":{"line":14,"column":31}},"5":{"start":{"line":16,"column":2},"end":{"line":16,"column":20}},"6":{"start":{"line":11,"column":13},"end":{"line":11,"column":21}}},"fnMap":{"0":{"name":"(anonymous_0)","decl":{"start":{"line":11,"column":21},"end":{"line":11,"column":22}},"loc":{"start":{"line":11,"column":49},"end":{"line":17,"column":1}}}},"branchMap":{"0":{"loc":{"start":{"line":11,"column":36},"end":{"line":11,"column":45}},"type":"default-arg","locations":[{"start":{"line":11,"column":44},"end":{"line":11,"column":45}}]}},"s":{"0":1,"1":4,"2":4,"3":4,"4":20,"5":4,"6":1},"f":{"0":4},"b":{"0":[2]}}
,"/home/vini/Raro/Semana-02/pratica-semana-02/src/snakeCase.ts": {"path":"/home/vini/Raro/Semana-02/pratica-semana-02/src/snakeCase.ts","statementMap":{"0":{"start":{"line":7,"column":25},"end":{"line":12,"column":1}},"1":{"start":{"line":8,"column":29},"end":{"line":8,"column":60}},"2":{"start":{"line":10,"column":4},"end":{"line":10,"column":60}},"3":{"start":{"line":11,"column":2},"end":{"line":11,"column":22}},"4":{"start":{"line":7,"column":13},"end":{"line":7,"column":25}}},"fnMap":{"0":{"name":"(anonymous_0)","decl":{"start":{"line":7,"column":25},"end":{"line":7,"column":26}},"loc":{"start":{"line":7,"column":50},"end":{"line":12,"column":1}}}},"branchMap":{},"s":{"0":1,"1":3,"2":3,"3":3,"4":1},"f":{"0":3},"b":{}}
,"/home/vini/Raro/Semana-02/pratica-semana-02/src/startCase.ts": {"path":"/home/vini/Raro/Semana-02/pratica-semana-02/src/startCase.ts","statementMap":{"0":{"start":{"line":7,"column":25},"end":{"line":22,"column":1}},"1":{"start":{"line":8,"column":32},"end":{"line":8,"column":46}},"2":{"start":{"line":10,"column":2},"end":{"line":20,"column":null}},"3":{"start":{"line":10,"column":23},"end":{"line":10,"column":24}},"4":{"start":{"line":11,"column":4},"end":{"line":11,"column":50}},"5":{"start":{"line":12,"column":4},"end":{"line":19,"column":null}},"6":{"start":{"line":17,"column":6},"end":{"line":17,"column":27}},"7":{"start":{"line":18,"column":6},"end":{"line":18,"column":60}},"8":{"start":{"line":21,"column":2},"end":{"line":21,"column":30}},"9":{"start":{"line":7,"column":13},"end":{"line":7,"column":25}}},"fnMap":{"0":{"name":"(anonymous_0)","decl":{"start":{"line":7,"column":25},"end":{"line":7,"column":26}},"loc":{"start":{"line":7,"column":50},"end":{"line":22,"column":1}}}},"branchMap":{"0":{"loc":{"start":{"line":12,"column":4},"end":{"line":19,"column":null}},"type":"if","locations":[{"start":{"line":12,"column":4},"end":{"line":19,"column":null}}]},"1":{"loc":{"start":{"line":13,"column":6},"end":{"line":15,"column":28}},"type":"binary-expr","locations":[{"start":{"line":13,"column":6},"end":{"line":13,"column":28}},{"start":{"line":14,"column":6},"end":{"line":14,"column":28}},{"start":{"line":15,"column":6},"end":{"line":15,"column":28}}]}},"s":{"0":1,"1":3,"2":3,"3":3,"4":33,"5":33,"6":3,"7":3,"8":3,"9":1},"f":{"0":3},"b":{"0":[3],"1":[33,32,31]}}
,"/home/vini/Raro/Semana-02/pratica-semana-02/src/template.ts": {"path":"/home/vini/Raro/Semana-02/pratica-semana-02/src/template.ts","statementMap":{"0":{"start":{"line":22,"column":24},"end":{"line":31,"column":1}},"1":{"start":{"line":23,"column":20},"end":{"line":23,"column":34}},"2":{"start":{"line":24,"column":15},"end":{"line":24,"column":36}},"3":{"start":{"line":25,"column":2},"end":{"line":29,"column":null}},"4":{"start":{"line":25,"column":15},"end":{"line":25,"column":16}},"5":{"start":{"line":26,"column":4},"end":{"line":28,"column":42}},"6":{"start":{"line":30,"column":2},"end":{"line":30,"column":21}},"7":{"start":{"line":22,"column":13},"end":{"line":22,"column":24}}},"fnMap":{"0":{"name":"(anonymous_0)","decl":{"start":{"line":22,"column":24},"end":{"line":22,"column":25}},"loc":{"start":{"line":22,"column":77},"end":{"line":31,"column":1}}}},"branchMap":{},"s":{"0":1,"1":3,"2":3,"3":3,"4":3,"5":9,"6":3,"7":1},"f":{"0":3},"b":{}}
,"/home/vini/Raro/Semana-02/pratica-semana-02/src/toPairs.ts": {"path":"/home/vini/Raro/Semana-02/pratica-semana-02/src/toPairs.ts","statementMap":{"0":{"start":{"line":14,"column":23},"end":{"line":21,"column":1}},"1":{"start":{"line":15,"column":21},"end":{"line":15,"column":23}},"2":{"start":{"line":16,"column":15},"end":{"line":16,"column":34}},"3":{"start":{"line":17,"column":2},"end":{"line":19,"column":null}},"4":{"start":{"line":17,"column":15},"end":{"line":17,"column":16}},"5":{"start":{"line":18,"column":4},"end":{"line":18,"column":48}},"6":{"start":{"line":20,"column":2},"end":{"line":20,"column":20}},"7":{"start":{"line":14,"column":13},"end":{"line":14,"column":23}}},"fnMap":{"0":{"name":"(anonymous_0)","decl":{"start":{"line":14,"column":23},"end":{"line":14,"column":24}},"loc":{"start":{"line":14,"column":57},"end":{"line":21,"column":1}}}},"branchMap":{},"s":{"0":1,"1":1,"2":1,"3":1,"4":1,"5":3,"6":1,"7":1},"f":{"0":1},"b":{}}
,"/home/vini/Raro/Semana-02/pratica-semana-02/src/toPath.ts": {"path":"/home/vini/Raro/Semana-02/pratica-semana-02/src/toPath.ts","statementMap":{"0":{"start":{"line":15,"column":22},"end":{"line":18,"column":1}},"1":{"start":{"line":16,"column":22},"end":{"line":16,"column":44}},"2":{"start":{"line":17,"column":2},"end":{"line":17,"column":21}},"3":{"start":{"line":15,"column":13},"end":{"line":15,"column":22}}},"fnMap":{"0":{"name":"(anonymous_0)","decl":{"start":{"line":15,"column":22},"end":{"line":15,"column":23}},"loc":{"start":{"line":15,"column":49},"end":{"line":18,"column":1}}}},"branchMap":{},"s":{"0":1,"1":1,"2":1,"3":1},"f":{"0":1},"b":{}}
,"/home/vini/Raro/Semana-02/pratica-semana-02/src/truncate.ts": {"path":"/home/vini/Raro/Semana-02/pratica-semana-02/src/truncate.ts","statementMap":{"0":{"start":{"line":11,"column":24},"end":{"line":21,"column":1}},"1":{"start":{"line":12,"column":2},"end":{"line":20,"column":null}},"2":{"start":{"line":13,"column":4},"end":{"line":13,"column":16}},"3":{"start":{"line":14,"column":9},"end":{"line":20,"column":null}},"4":{"start":{"line":15,"column":4},"end":{"line":15,"column":17}},"5":{"start":{"line":17,"column":25},"end":{"line":17,"column":33}},"6":{"start":{"line":18,"column":19},"end":{"line":18,"column":64}},"7":{"start":{"line":19,"column":4},"end":{"line":19,"column":18}},"8":{"start":{"line":11,"column":13},"end":{"line":11,"column":24}}},"fnMap":{"0":{"name":"(anonymous_0)","decl":{"start":{"line":11,"column":24},"end":{"line":11,"column":25}},"loc":{"start":{"line":11,"column":63},"end":{"line":21,"column":1}}}},"branchMap":{"0":{"loc":{"start":{"line":12,"column":2},"end":{"line":20,"column":null}},"type":"if","locations":[{"start":{"line":12,"column":2},"end":{"line":20,"column":null}},{"start":{"line":14,"column":9},"end":{"line":20,"column":null}}]},"1":{"loc":{"start":{"line":14,"column":9},"end":{"line":20,"column":null}},"type":"if","locations":[{"start":{"line":14,"column":9},"end":{"line":20,"column":null}},{"start":{"line":16,"column":9},"end":{"line":20,"column":null}}]}},"s":{"0":1,"1":3,"2":1,"3":2,"4":0,"5":2,"6":2,"7":2,"8":1},"f":{"0":3},"b":{"0":[1,2],"1":[0,2]}}
,"/home/vini/Raro/Semana-02/pratica-semana-02/src/union.ts": {"path":"/home/vini/Raro/Semana-02/pratica-semana-02/src/union.ts","statementMap":{"0":{"start":{"line":11,"column":21},"end":{"line":28,"column":1}},"1":{"start":{"line":12,"column":19},"end":{"line":12,"column":21}},"2":{"start":{"line":13,"column":16},"end":{"line":13,"column":49}},"3":{"start":{"line":14,"column":2},"end":{"line":26,"column":null}},"4":{"start":{"line":14,"column":15},"end":{"line":14,"column":16}},"5":{"start":{"line":15,"column":4},"end":{"line":25,"column":null}},"6":{"start":{"line":15,"column":17},"end":{"line":15,"column":18}},"7":{"start":{"line":16,"column":19},"end":{"line":16,"column":24}},"8":{"start":{"line":17,"column":6},"end":{"line":21,"column":null}},"9":{"start":{"line":17,"column":19},"end":{"line":17,"column":20}},"10":{"start":{"line":18,"column":8},"end":{"line":20,"column":null}},"11":{"start":{"line":19,"column":10},"end":{"line":19,"column":24}},"12":{"start":{"line":22,"column":6},"end":{"line":24,"column":null}},"13":{"start":{"line":23,"column":8},"end":{"line":23,"column":35}},"14":{"start":{"line":27,"column":2},"end":{"line":27,"column":18}},"15":{"start":{"line":11,"column":13},"end":{"line":11,"column":21}}},"fnMap":{"0":{"name":"(anonymous_0)","decl":{"start":{"line":11,"column":21},"end":{"line":11,"column":25}},"loc":{"start":{"line":11,"column":46},"end":{"line":28,"column":1}}}},"branchMap":{"0":{"loc":{"start":{"line":18,"column":8},"end":{"line":20,"column":null}},"type":"if","locations":[{"start":{"line":18,"column":8},"end":{"line":20,"column":null}}]},"1":{"loc":{"start":{"line":22,"column":6},"end":{"line":24,"column":null}},"type":"if","locations":[{"start":{"line":22,"column":6},"end":{"line":24,"column":null}}]}},"s":{"0":1,"1":1,"2":1,"3":1,"4":1,"5":3,"6":3,"7":19,"8":19,"9":19,"10":120,"11":9,"12":19,"13":10,"14":1,"15":1},"f":{"0":1},"b":{"0":[9],"1":[10]}}
,"/home/vini/Raro/Semana-02/pratica-semana-02/src/uniq.ts": {"path":"/home/vini/Raro/Semana-02/pratica-semana-02/src/uniq.ts","statementMap":{"0":{"start":{"line":10,"column":20},"end":{"line":28,"column":1}},"1":{"start":{"line":11,"column":18},"end":{"line":11,"column":20}},"2":{"start":{"line":12,"column":2},"end":{"line":26,"column":null}},"3":{"start":{"line":12,"column":15},"end":{"line":12,"column":16}},"4":{"start":{"line":13,"column":4},"end":{"line":25,"column":null}},"5":{"start":{"line":13,"column":17},"end":{"line":13,"column":18}},"6":{"start":{"line":14,"column":6},"end":{"line":24,"column":null}},"7":{"start":{"line":15,"column":21},"end":{"line":15,"column":26}},"8":{"start":{"line":16,"column":8},"end":{"line":20,"column":null}},"9":{"start":{"line":16,"column":21},"end":{"line":16,"column":22}},"10":{"start":{"line":17,"column":10},"end":{"line":19,"column":null}},"11":{"start":{"line":18,"column":12},"end":{"line":18,"column":26}},"12":{"start":{"line":21,"column":8},"end":{"line":23,"column":null}},"13":{"start":{"line":22,"column":10},"end":{"line":22,"column":32}},"14":{"start":{"line":27,"column":2},"end":{"line":27,"column":17}},"15":{"start":{"line":10,"column":13},"end":{"line":10,"column":20}}},"fnMap":{"0":{"name":"(anonymous_0)","decl":{"start":{"line":10,"column":20},"end":{"line":10,"column":24}},"loc":{"start":{"line":10,"column":42},"end":{"line":28,"column":1}}}},"branchMap":{"0":{"loc":{"start":{"line":14,"column":6},"end":{"line":24,"column":null}},"type":"if","locations":[{"start":{"line":14,"column":6},"end":{"line":24,"column":null}}]},"1":{"loc":{"start":{"line":17,"column":10},"end":{"line":19,"column":null}},"type":"if","locations":[{"start":{"line":17,"column":10},"end":{"line":19,"column":null}}]},"2":{"loc":{"start":{"line":21,"column":8},"end":{"line":23,"column":null}},"type":"if","locations":[{"start":{"line":21,"column":8},"end":{"line":23,"column":null}}]}},"s":{"0":1,"1":1,"2":1,"3":1,"4":19,"5":19,"6":361,"7":43,"8":43,"9":43,"10":273,"11":33,"12":43,"13":10,"14":1,"15":1},"f":{"0":1},"b":{"0":[43],"1":[33],"2":[10]}}
,"/home/vini/Raro/Semana-02/pratica-semana-02/src/uniqBy.ts": {"path":"/home/vini/Raro/Semana-02/pratica-semana-02/src/uniqBy.ts","statementMap":{"0":{"start":{"line":21,"column":22},"end":{"line":39,"column":1}},"1":{"start":{"line":22,"column":25},"end":{"line":22,"column":27}},"2":{"start":{"line":24,"column":2},"end":{"line":36,"column":null}},"3":{"start":{"line":24,"column":15},"end":{"line":24,"column":16}},"4":{"start":{"line":25,"column":22},"end":{"line":25,"column":29}},"5":{"start":{"line":26,"column":22},"end":{"line":26,"column":36}},"6":{"start":{"line":27,"column":17},"end":{"line":27,"column":22}},"7":{"start":{"line":28,"column":4},"end":{"line":32,"column":null}},"8":{"start":{"line":28,"column":17},"end":{"line":28,"column":18}},"9":{"start":{"line":29,"column":6},"end":{"line":31,"column":null}},"10":{"start":{"line":30,"column":8},"end":{"line":30,"column":22}},"11":{"start":{"line":33,"column":4},"end":{"line":35,"column":null}},"12":{"start":{"line":34,"column":6},"end":{"line":34,"column":32}},"13":{"start":{"line":38,"column":2},"end":{"line":38,"column":19}},"14":{"start":{"line":21,"column":13},"end":{"line":21,"column":22}}},"fnMap":{"0":{"name":"(anonymous_0)","decl":{"start":{"line":21,"column":22},"end":{"line":21,"column":41}},"loc":{"start":{"line":21,"column":73},"end":{"line":39,"column":1}}}},"branchMap":{"0":{"loc":{"start":{"line":29,"column":6},"end":{"line":31,"column":null}},"type":"if","locations":[{"start":{"line":29,"column":6},"end":{"line":31,"column":null}}]},"1":{"loc":{"start":{"line":33,"column":4},"end":{"line":35,"column":null}},"type":"if","locations":[{"start":{"line":33,"column":4},"end":{"line":35,"column":null}}]}},"s":{"0":1,"1":1,"2":1,"3":1,"4":3,"5":3,"6":3,"7":3,"8":3,"9":2,"10":1,"11":3,"12":2,"13":1,"14":1},"f":{"0":1},"b":{"0":[1],"1":[2]}}
,"/home/vini/Raro/Semana-02/pratica-semana-02/src/upperCaseFirst.ts": {"path":"/home/vini/Raro/Semana-02/pratica-semana-02/src/upperCaseFirst.ts","statementMap":{"0":{"start":{"line":1,"column":30},"end":{"line":4,"column":1}},"1":{"start":{"line":2,"column":32},"end":{"line":2,"column":76}},"2":{"start":{"line":3,"column":2},"end":{"line":3,"column":23}},"3":{"start":{"line":1,"column":13},"end":{"line":1,"column":30}}},"fnMap":{"0":{"name":"(anonymous_0)","decl":{"start":{"line":1,"column":30},"end":{"line":1,"column":31}},"loc":{"start":{"line":1,"column":55},"end":{"line":4,"column":1}}}},"branchMap":{},"s":{"0":1,"1":5,"2":5,"3":1},"f":{"0":5},"b":{}}
}
