TN:
SF:src/camelCase.ts
FN:7,(anonymous_0)
FNF:1
FNH:1
FNDA:3,(anonymous_0)
DA:7,1
DA:8,3
DA:10,3
DA:11,33
DA:12,33
DA:17,3
DA:18,3
DA:21,3
LF:8
LH:8
BRDA:12,0,0,3
BRDA:13,1,0,33
BRDA:13,1,1,32
BRDA:13,1,2,31
BRF:4
BRH:4
end_of_record
TN:
SF:src/capitalize.ts
FN:7,(anonymous_0)
FNF:1
FNH:1
FNDA:2,(anonymous_0)
DA:7,1
DA:9,2
DA:10,2
LF:3
LH:3
BRF:0
BRH:0
end_of_record
TN:
SF:src/chunk.ts
FN:13,(anonymous_0)
FNF:1
FNH:1
FNDA:2,(anonymous_0)
DA:13,1
DA:14,2
DA:16,2
DA:17,18
DA:18,18
DA:19,2
DA:20,2
DA:22,18
DA:23,12
DA:25,6
DA:28,2
LF:11
LH:11
BRDA:18,0,0,2
BRDA:22,1,0,12
BRDA:22,1,1,6
BRF:3
BRH:3
end_of_record
TN:
SF:src/compact.ts
FN:10,(anonymous_0)
FNF:1
FNH:1
FNDA:1,(anonymous_0)
DA:10,1
DA:11,1
DA:12,1
DA:13,9
DA:14,4
DA:17,1
LF:6
LH:6
BRDA:13,0,0,4
BRF:1
BRH:1
end_of_record
TN:
SF:src/difference.ts
FN:10,(anonymous_0)
FNF:1
FNH:1
FNDA:1,(anonymous_0)
DA:10,1
DA:11,1
DA:12,1
DA:13,3
DA:14,3
DA:15,2
DA:19,1
LF:7
LH:7
BRDA:14,0,0,2
BRF:1
BRH:1
end_of_record
TN:
SF:src/fromPairs.ts
FN:11,(anonymous_0)
FNF:1
FNH:1
FNDA:1,(anonymous_0)
DA:11,1
DA:12,1
DA:13,1
DA:14,3
DA:15,6
DA:16,6
DA:17,6
DA:18,6
DA:22,1
LF:9
LH:9
BRDA:17,0,0,6
BRF:1
BRH:1
end_of_record
TN:
SF:src/group.ts
FN:26,(anonymous_0)
FNF:1
FNH:1
FNDA:1,(anonymous_0)
DA:26,1
DA:30,1
DA:32,1
DA:33,3
DA:34,3
DA:35,2
DA:37,3
DA:39,1
LF:8
LH:8
BRDA:34,0,0,2
BRF:1
BRH:1
end_of_record
TN:
SF:src/index.ts
FNF:0
FNH:0
DA:1,0
DA:2,0
DA:3,0
DA:4,0
DA:5,0
DA:6,0
DA:7,0
DA:8,0
DA:9,0
DA:10,0
DA:11,0
DA:12,0
DA:13,0
DA:14,0
DA:15,0
DA:16,0
DA:17,0
DA:18,0
DA:19,0
DA:20,0
DA:21,0
DA:22,0
DA:23,0
LF:23
LH:0
BRF:0
BRH:0
end_of_record
TN:
SF:src/intersection.ts
FN:10,(anonymous_0)
FNF:1
FNH:1
FNDA:1,(anonymous_0)
DA:10,1
DA:11,1
DA:12,1
DA:13,8
DA:14,48
DA:15,14
DA:16,14
DA:17,36
DA:18,11
DA:21,14
DA:22,3
DA:27,1
LF:12
LH:12
BRDA:14,0,0,14
BRDA:17,1,0,11
BRDA:21,2,0,3
BRF:3
BRH:3
end_of_record
TN:
SF:src/invert.ts
FN:12,(anonymous_0)
FNF:1
FNH:1
FNDA:1,(anonymous_0)
DA:12,1
DA:13,1
DA:14,1
DA:16,1
DA:17,3
DA:18,3
DA:19,3
DA:21,3
DA:23,1
LF:9
LH:9
BRF:0
BRH:0
end_of_record
TN:
SF:src/kebabCase.ts
FN:7,(anonymous_0)
FNF:1
FNH:1
FNDA:3,(anonymous_0)
DA:7,1
DA:8,3
DA:9,3
DA:10,3
LF:4
LH:4
BRF:0
BRH:0
end_of_record
TN:
SF:src/lowerCaseFirst.ts
FN:1,(anonymous_0)
FNF:1
FNH:1
FNDA:5,(anonymous_0)
DA:1,1
DA:2,5
DA:3,5
LF:3
LH:3
BRF:0
BRH:0
end_of_record
TN:
SF:src/omit.ts
FN:14,(anonymous_0)
FNF:1
FNH:1
FNDA:1,(anonymous_0)
DA:14,1
DA:18,1
DA:19,1
DA:20,1
DA:21,2
DA:22,2
DA:25,1
LF:7
LH:7
BRDA:21,0,0,2
BRF:1
BRH:1
end_of_record
TN:
SF:src/pascalCase.ts
FN:7,(anonymous_0)
FNF:1
FNH:1
FNDA:3,(anonymous_0)
DA:7,1
DA:8,3
DA:10,3
DA:11,33
DA:12,33
DA:13,3
DA:14,3
DA:17,3
LF:8
LH:8
BRDA:12,0,0,3
BRDA:12,1,0,33
BRDA:12,1,1,32
BRDA:12,1,2,31
BRF:4
BRH:4
end_of_record
TN:
SF:src/pick.ts
FN:14,(anonymous_0)
FNF:1
FNH:1
FNDA:1,(anonymous_0)
DA:14,1
DA:18,1
DA:19,1
DA:20,1
DA:21,1
DA:22,2
DA:23,2
DA:31,1
LF:8
LH:8
BRDA:22,0,0,2
BRF:1
BRH:1
end_of_record
TN:
SF:src/range.ts
FN:11,(anonymous_0)
FNF:1
FNH:1
FNDA:4,(anonymous_0)
DA:11,1
DA:12,4
DA:13,4
DA:14,20
DA:16,4
LF:5
LH:5
BRDA:11,0,0,2
BRF:1
BRH:1
end_of_record
TN:
SF:src/snakeCase.ts
FN:7,(anonymous_0)
FNF:1
FNH:1
FNDA:3,(anonymous_0)
DA:7,1
DA:8,3
DA:10,3
DA:11,3
LF:4
LH:4
BRF:0
BRH:0
end_of_record
TN:
SF:src/startCase.ts
FN:7,(anonymous_0)
FNF:1
FNH:1
FNDA:3,(anonymous_0)
DA:7,1
DA:8,3
DA:10,3
DA:11,33
DA:12,33
DA:17,3
DA:18,3
DA:21,3
LF:8
LH:8
BRDA:12,0,0,3
BRDA:13,1,0,33
BRDA:13,1,1,32
BRDA:13,1,2,31
BRF:4
BRH:4
end_of_record
TN:
SF:src/template.ts
FN:22,(anonymous_0)
FNF:1
FNH:1
FNDA:3,(anonymous_0)
DA:22,1
DA:23,3
DA:24,3
DA:25,3
DA:26,9
DA:30,3
LF:6
LH:6
BRF:0
BRH:0
end_of_record
TN:
SF:src/toPairs.ts
FN:14,(anonymous_0)
FNF:1
FNH:1
FNDA:1,(anonymous_0)
DA:14,1
DA:15,1
DA:16,1
DA:17,1
DA:18,3
DA:20,1
LF:6
LH:6
BRF:0
BRH:0
end_of_record
TN:
SF:src/toPath.ts
FN:15,(anonymous_0)
FNF:1
FNH:1
FNDA:1,(anonymous_0)
DA:15,1
DA:16,1
DA:17,1
LF:3
LH:3
BRF:0
BRH:0
end_of_record
TN:
SF:src/truncate.ts
FN:11,(anonymous_0)
FNF:1
FNH:1
FNDA:3,(anonymous_0)
DA:11,1
DA:12,3
DA:13,1
DA:14,2
DA:15,0
DA:17,2
DA:18,2
DA:19,2
LF:8
LH:7
BRDA:12,0,0,1
BRDA:12,0,1,2
BRDA:14,1,0,0
BRDA:14,1,1,2
BRF:4
BRH:3
end_of_record
TN:
SF:src/union.ts
FN:11,(anonymous_0)
FNF:1
FNH:1
FNDA:1,(anonymous_0)
DA:11,1
DA:12,1
DA:13,1
DA:14,1
DA:15,3
DA:16,19
DA:17,19
DA:18,120
DA:19,9
DA:22,19
DA:23,10
DA:27,1
LF:12
LH:12
BRDA:18,0,0,9
BRDA:22,1,0,10
BRF:2
BRH:2
end_of_record
TN:
SF:src/uniq.ts
FN:10,(anonymous_0)
FNF:1
FNH:1
FNDA:1,(anonymous_0)
DA:10,1
DA:11,1
DA:12,1
DA:13,19
DA:14,361
DA:15,43
DA:16,43
DA:17,273
DA:18,33
DA:21,43
DA:22,10
DA:27,1
LF:12
LH:12
BRDA:14,0,0,43
BRDA:17,1,0,33
BRDA:21,2,0,10
BRF:3
BRH:3
end_of_record
TN:
SF:src/uniqBy.ts
FN:21,(anonymous_0)
FNF:1
FNH:1
FNDA:1,(anonymous_0)
DA:21,1
DA:22,1
DA:24,1
DA:25,3
DA:26,3
DA:27,3
DA:28,3
DA:29,2
DA:30,1
DA:33,3
DA:34,2
DA:38,1
LF:12
LH:12
BRDA:29,0,0,1
BRDA:33,1,0,2
BRF:2
BRH:2
end_of_record
TN:
SF:src/upperCaseFirst.ts
FN:1,(anonymous_0)
FNF:1
FNH:1
FNDA:5,(anonymous_0)
DA:1,1
DA:2,5
DA:3,5
LF:3
LH:3
BRF:0
BRH:0
end_of_record
